<?xml version="1.0" encoding="UTF-8"?>
<robot generator="Robot 6.0.1 (Python 3.11.1 on win32)" generated="20230119 12:47:00.988" rpa="false" schemaversion="3">
<suite id="s1" name="Exempleredmin" source="E:\robotprojet1\test_cases\exempleredmin.robot">
<kw name="ouverture d'une session redmin" type="SETUP">
<kw name="Open Browser" library="SeleniumLibrary">
<arg>${URl}</arg>
<arg>${browser}</arg>
<doc>Opens a new browser instance to the optional ``url``.</doc>
<msg timestamp="20230119 12:47:01.130" level="INFO">Opening browser 'chrome' to base url 'https://bdeb.omnivox.ca/Login/Account/Login?ReturnUrl=%2fintr%2f'.</msg>
<status status="PASS" starttime="20230119 12:47:01.130" endtime="20230119 12:47:03.111"/>
</kw>
<kw name="Maximize Browser Window" library="SeleniumLibrary">
<doc>Maximizes current browser window.</doc>
<status status="PASS" starttime="20230119 12:47:03.111" endtime="20230119 12:47:03.254"/>
</kw>
<status status="PASS" starttime="20230119 12:47:01.129" endtime="20230119 12:47:03.254"/>
</kw>
<test id="s1-t1" name="test1" line="15">
<kw name="Input Text" library="SeleniumLibrary">
<arg>css:#Identifiant</arg>
<arg>6203024</arg>
<doc>Types the given ``text`` into the text field identified by ``locator``.</doc>
<msg timestamp="20230119 12:47:03.257" level="INFO">Typing text '6203024' into text field 'css:#Identifiant'.</msg>
<status status="PASS" starttime="20230119 12:47:03.256" endtime="20230119 12:47:03.358"/>
</kw>
<kw name="Sleep" library="BuiltIn">
<arg>2</arg>
<doc>Pauses the test executed for the given time.</doc>
<msg timestamp="20230119 12:47:05.366" level="INFO">Slept 2 seconds</msg>
<status status="PASS" starttime="20230119 12:47:03.358" endtime="20230119 12:47:05.366"/>
</kw>
<kw name="Input Password" library="SeleniumLibrary">
<arg>css:#Password</arg>
<arg>Anella108</arg>
<doc>Types the given password into the text field identified by ``locator``.</doc>
<msg timestamp="20230119 12:47:05.368" level="INFO">Typing password into text field 'css:#Password'.</msg>
<msg timestamp="20230119 12:47:05.413" level="INFO">Temporally setting log level to: NONE</msg>
<msg timestamp="20230119 12:47:05.468" level="INFO">Log level changed from NONE to INFO.</msg>
<status status="PASS" starttime="20230119 12:47:05.368" endtime="20230119 12:47:05.468"/>
</kw>
<kw name="Sleep" library="BuiltIn">
<arg>2</arg>
<doc>Pauses the test executed for the given time.</doc>
<msg timestamp="20230119 12:47:07.469" level="INFO">Slept 2 seconds</msg>
<status status="PASS" starttime="20230119 12:47:05.469" endtime="20230119 12:47:07.469"/>
</kw>
<kw name="Click Button" library="SeleniumLibrary">
<arg>xpath://button[@class="btn green darken-3 right recaptcha-trigger no-margin-right"]</arg>
<doc>Clicks the button identified by ``locator``.</doc>
<msg timestamp="20230119 12:47:07.470" level="INFO">Clicking button 'xpath://button[@class="btn green darken-3 right recaptcha-trigger no-margin-right"]'.</msg>
<status status="PASS" starttime="20230119 12:47:07.470" endtime="20230119 12:47:09.464"/>
</kw>
<doc>accée a redmin</doc>
<status status="PASS" starttime="20230119 12:47:03.254" endtime="20230119 12:47:09.465"/>
</test>
<test id="s1-t2" name="test2" line="25">
<kw name="Double Click Element" library="SeleniumLibrary">
<arg>xpath://span[text()="Horaire de cours"]</arg>
<doc>Double clicks the element identified by ``locator``.</doc>
<msg timestamp="20230119 12:47:09.468" level="INFO">Double clicking element 'xpath://span[text()="Horaire de cours"]'.</msg>
<status status="PASS" starttime="20230119 12:47:09.468" endtime="20230119 12:47:10.359"/>
</kw>
<kw name="Sleep" library="BuiltIn">
<arg>3</arg>
<doc>Pauses the test executed for the given time.</doc>
<msg timestamp="20230119 12:47:13.361" level="INFO">Slept 3 seconds</msg>
<status status="PASS" starttime="20230119 12:47:10.360" endtime="20230119 12:47:13.361"/>
</kw>
<kw name="Open Context Menu" library="SeleniumLibrary">
<arg>css:select[name="AnSession"]</arg>
<doc>Opens the context menu on the element identified by ``locator``.</doc>
<status status="PASS" starttime="20230119 12:47:13.363" endtime="20230119 12:47:13.668"/>
</kw>
<kw name="Sleep" library="BuiltIn">
<arg>2</arg>
<doc>Pauses the test executed for the given time.</doc>
<msg timestamp="20230119 12:47:15.673" level="INFO">Slept 2 seconds</msg>
<status status="PASS" starttime="20230119 12:47:13.670" endtime="20230119 12:47:15.673"/>
</kw>
<kw name="Click Element" library="SeleniumLibrary">
<arg>css:option[value="20222"]</arg>
<doc>Click the element identified by ``locator``.</doc>
<msg timestamp="20230119 12:47:15.676" level="INFO">Clicking element 'css:option[value="20222"]'.</msg>
<status status="PASS" starttime="20230119 12:47:15.675" endtime="20230119 12:47:15.716"/>
</kw>
<kw name="Capture Element Screenshot" library="SeleniumLibrary">
<arg>css:select[name="AnSession"]</arg>
<arg>../captureexomnivox/elementselect.png</arg>
<doc>Captures a screenshot from the element identified by ``locator`` and embeds it into log file.</doc>
<msg timestamp="20230119 12:47:15.903" level="INFO" html="true">&lt;/td&gt;&lt;/tr&gt;&lt;tr&gt;&lt;td colspan="3"&gt;&lt;a href="elementselect.png"&gt;&lt;img src="elementselect.png" width="400px"&gt;&lt;/a&gt;</msg>
<status status="PASS" starttime="20230119 12:47:15.718" endtime="20230119 12:47:15.904"/>
</kw>
<kw name="Sleep" library="BuiltIn">
<arg>2</arg>
<doc>Pauses the test executed for the given time.</doc>
<msg timestamp="20230119 12:47:17.905" level="INFO">Slept 2 seconds</msg>
<status status="PASS" starttime="20230119 12:47:15.904" endtime="20230119 12:47:17.905"/>
</kw>
<kw name="Click Button" library="SeleniumLibrary">
<arg>xpath://input[@type="submit"]</arg>
<doc>Clicks the button identified by ``locator``.</doc>
<msg timestamp="20230119 12:47:17.906" level="INFO">Clicking button 'xpath://input[@type="submit"]'.</msg>
<status status="PASS" starttime="20230119 12:47:17.906" endtime="20230119 12:47:19.379"/>
</kw>
<kw name="Sleep" library="BuiltIn">
<arg>4</arg>
<doc>Pauses the test executed for the given time.</doc>
<msg timestamp="20230119 12:47:23.381" level="INFO">Slept 4 seconds</msg>
<status status="PASS" starttime="20230119 12:47:19.381" endtime="20230119 12:47:23.381"/>
</kw>
<kw name="Capture Page Screenshot" library="SeleniumLibrary">
<arg>../captureexomnivox/listecours.png</arg>
<doc>Takes a screenshot of the current page and embeds it into a log file.</doc>
<msg timestamp="20230119 12:47:23.504" level="INFO" html="true">&lt;/td&gt;&lt;/tr&gt;&lt;tr&gt;&lt;td colspan="3"&gt;&lt;a href="listecours.png"&gt;&lt;img src="listecours.png" width="800px"&gt;&lt;/a&gt;</msg>
<status status="PASS" starttime="20230119 12:47:23.383" endtime="20230119 12:47:23.504"/>
</kw>
<status status="PASS" starttime="20230119 12:47:09.467" endtime="20230119 12:47:23.506"/>
</test>
<kw name="fermeture de la session redmin" type="TEARDOWN">
<kw name="Close All Browsers" library="SeleniumLibrary">
<doc>Closes all open browsers and resets the browser cache.</doc>
<status status="PASS" starttime="20230119 12:47:23.519" endtime="20230119 12:47:30.051"/>
</kw>
<status status="PASS" starttime="20230119 12:47:23.519" endtime="20230119 12:47:30.053"/>
</kw>
<doc>automatisation cas de test creation d un nouveau projet sur redmin</doc>
<status status="PASS" starttime="20230119 12:47:00.989" endtime="20230119 12:47:30.053"/>
</suite>
<statistics>
<total>
<stat pass="2" fail="0" skip="0">All Tests</stat>
</total>
<tag>
</tag>
<suite>
<stat pass="2" fail="0" skip="0" id="s1" name="Exempleredmin">Exempleredmin</stat>
</suite>
</statistics>
<errors>
</errors>
</robot>
