<?xml version="1.0" encoding="UTF-8"?>
<robot generator="Robot 6.0.1 (Python 3.11.1 on win32)" generated="20230112 17:02:39.045" rpa="false" schemaversion="3">
<suite id="s1" name="Checkboxes" source="E:\robotprojet1\test_cases\checkboxes.robot">
<test id="s1-t1" name="tester les checkboxes" line="10">
<kw name="ouverture de navigateur" type="SETUP">
<kw name="Open Browser" library="SeleniumLibrary">
<arg>${URL}</arg>
<arg>${browzer}</arg>
<doc>Opens a new browser instance to the optional ``url``.</doc>
<msg timestamp="20230112 17:02:39.217" level="INFO">Opening browser 'chrome' to base url 'https://the-internet.herokuapp.com/checkboxes'.</msg>
<status status="PASS" starttime="20230112 17:02:39.217" endtime="20230112 17:02:41.231"/>
</kw>
<kw name="Maximize Browser Window" library="SeleniumLibrary">
<doc>Maximizes current browser window.</doc>
<status status="PASS" starttime="20230112 17:02:41.231" endtime="20230112 17:02:41.361"/>
</kw>
<status status="PASS" starttime="20230112 17:02:39.216" endtime="20230112 17:02:41.361"/>
</kw>
<kw name="Sleep" library="BuiltIn">
<arg>4</arg>
<doc>Pauses the test executed for the given time.</doc>
<msg timestamp="20230112 17:02:45.362" level="INFO">Slept 4 seconds</msg>
<status status="PASS" starttime="20230112 17:02:41.361" endtime="20230112 17:02:45.362"/>
</kw>
<kw name="Select Checkbox" library="SeleniumLibrary">
<arg>css:#checkboxes&gt;:nth-child(1)</arg>
<doc>Selects the checkbox identified by ``locator``.</doc>
<msg timestamp="20230112 17:02:45.364" level="INFO">Selecting checkbox 'css:#checkboxes&gt;:nth-child(1)'.</msg>
<status status="PASS" starttime="20230112 17:02:45.364" endtime="20230112 17:02:45.433"/>
</kw>
<kw name="Sleep" library="BuiltIn">
<arg>3</arg>
<doc>Pauses the test executed for the given time.</doc>
<msg timestamp="20230112 17:02:48.434" level="INFO">Slept 3 seconds</msg>
<status status="PASS" starttime="20230112 17:02:45.434" endtime="20230112 17:02:48.434"/>
</kw>
<kw name="Unselect Checkbox" library="SeleniumLibrary">
<arg>css:#checkboxes&gt;:nth-child(3)</arg>
<doc>Removes the selection of checkbox identified by ``locator``.</doc>
<msg timestamp="20230112 17:02:48.436" level="INFO">Unselecting checkbox 'css:#checkboxes&gt;:nth-child(3)'.</msg>
<status status="PASS" starttime="20230112 17:02:48.435" endtime="20230112 17:02:48.521"/>
</kw>
<kw name="fermeture de navigateur" type="TEARDOWN">
<kw name="Sleep" library="BuiltIn">
<arg>3</arg>
<doc>Pauses the test executed for the given time.</doc>
<msg timestamp="20230112 17:02:51.523" level="INFO">Slept 3 seconds</msg>
<status status="PASS" starttime="20230112 17:02:48.522" endtime="20230112 17:02:51.523"/>
</kw>
<kw name="Close Browser" library="SeleniumLibrary">
<doc>Closes the current browser.</doc>
<status status="PASS" starttime="20230112 17:02:51.523" endtime="20230112 17:02:53.797"/>
</kw>
<status status="PASS" starttime="20230112 17:02:48.522" endtime="20230112 17:02:53.798"/>
</kw>
<tag>regression</tag>
<status status="PASS" starttime="20230112 17:02:39.215" endtime="20230112 17:02:53.799"/>
</test>
<doc>automatiser les checkboxes</doc>
<status status="PASS" starttime="20230112 17:02:39.046" endtime="20230112 17:02:53.806"/>
</suite>
<statistics>
<total>
<stat pass="1" fail="0" skip="0">All Tests</stat>
</total>
<tag>
<stat pass="1" fail="0" skip="0">regression</stat>
</tag>
<suite>
<stat pass="1" fail="0" skip="0" id="s1" name="Checkboxes">Checkboxes</stat>
</suite>
</statistics>
<errors>
</errors>
</robot>
