<?xml version="1.0" encoding="UTF-8"?>
<robot generator="Robot 6.0.1 (Python 3.11.1 on win32)" generated="20230119 15:05:33.308" rpa="false" schemaversion="3">
<suite id="s1" name="Cliquerglisser" source="E:\robotprojet1\test_cases\cliquerglisser.robot">
<test id="s1-t1" name="test1" line="10">
<kw name="Open Browser" library="SeleniumLibrary">
<arg>${URL}</arg>
<arg>${browser}</arg>
<doc>Opens a new browser instance to the optional ``url``.</doc>
<msg timestamp="20230119 15:05:33.467" level="INFO">Opening browser 'chrome' to base url 'https://jqueryui.com/resources/demos/droppable/default.html'.</msg>
<status status="PASS" starttime="20230119 15:05:33.467" endtime="20230119 15:05:35.207"/>
</kw>
<kw name="Maximize Browser Window" library="SeleniumLibrary">
<doc>Maximizes current browser window.</doc>
<status status="PASS" starttime="20230119 15:05:35.209" endtime="20230119 15:05:35.358"/>
</kw>
<kw name="Sleep" library="BuiltIn">
<arg>2</arg>
<doc>Pauses the test executed for the given time.</doc>
<msg timestamp="20230119 15:05:37.359" level="INFO">Slept 2 seconds</msg>
<status status="PASS" starttime="20230119 15:05:35.359" endtime="20230119 15:05:37.359"/>
</kw>
<kw name="Drag And Drop" library="SeleniumLibrary">
<arg>id:draggable</arg>
<arg>id:droppable</arg>
<doc>Drags the element identified by ``locator`` into the ``target`` element.</doc>
<status status="PASS" starttime="20230119 15:05:37.361" endtime="20230119 15:05:37.937"/>
</kw>
<kw name="Sleep" library="BuiltIn">
<arg>2</arg>
<doc>Pauses the test executed for the given time.</doc>
<msg timestamp="20230119 15:05:39.938" level="INFO">Slept 2 seconds</msg>
<status status="PASS" starttime="20230119 15:05:37.938" endtime="20230119 15:05:39.938"/>
</kw>
<kw name="Close Browser" library="SeleniumLibrary">
<doc>Closes the current browser.</doc>
<status status="PASS" starttime="20230119 15:05:39.939" endtime="20230119 15:05:42.181"/>
</kw>
<status status="PASS" starttime="20230119 15:05:33.466" endtime="20230119 15:05:42.184"/>
</test>
<doc>tester cliquer et glisser dragangdrup</doc>
<status status="PASS" starttime="20230119 15:05:33.309" endtime="20230119 15:05:42.202"/>
</suite>
<statistics>
<total>
<stat pass="1" fail="0" skip="0">All Tests</stat>
</total>
<tag>
</tag>
<suite>
<stat pass="1" fail="0" skip="0" id="s1" name="Cliquerglisser">Cliquerglisser</stat>
</suite>
</statistics>
<errors>
</errors>
</robot>
