<?xml version="1.0" encoding="UTF-8"?>
<robot generator="Robot 6.0.1 (Python 3.11.1 on win32)" generated="20230119 16:25:23.816" rpa="false" schemaversion="3">
<suite id="s1" name="Keywordavecargumentsansretour" source="E:\robotprojet1\test_cases\keywordavecargumentsansretour.robot">
<test id="s1-t1" name="test1login" line="12">
<kw name="lancer le navigateur">
<arg>${URL}</arg>
<arg>${Browser}</arg>
<kw name="Open Browser" library="SeleniumLibrary">
<arg>${URLdusite}</arg>
<arg>${navigateur}</arg>
<doc>Opens a new browser instance to the optional ``url``.</doc>
<msg timestamp="20230119 16:25:23.981" level="INFO">Opening browser 'chrome' to base url 'https://opensource-demo.orangehrmlive.com/web/index.php/auth/login'.</msg>
<status status="PASS" starttime="20230119 16:25:23.980" endtime="20230119 16:25:27.503"/>
</kw>
<kw name="Maximize Browser Window" library="SeleniumLibrary">
<doc>Maximizes current browser window.</doc>
<status status="PASS" starttime="20230119 16:25:27.503" endtime="20230119 16:25:27.623"/>
</kw>
<status status="PASS" starttime="20230119 16:25:23.980" endtime="20230119 16:25:27.623"/>
</kw>
<kw name="Sleep" library="BuiltIn">
<arg>3</arg>
<doc>Pauses the test executed for the given time.</doc>
<msg timestamp="20230119 16:25:30.624" level="INFO">Slept 3 seconds</msg>
<status status="PASS" starttime="20230119 16:25:27.624" endtime="20230119 16:25:30.624"/>
</kw>
<kw name="remplir le formulaire de login">
<kw name="Input Text" library="SeleniumLibrary">
<arg>//input[@name="username"]</arg>
<arg>Admin</arg>
<doc>Types the given ``text`` into the text field identified by ``locator``.</doc>
<msg timestamp="20230119 16:25:30.625" level="INFO">Typing text 'Admin' into text field '//input[@name="username"]'.</msg>
<status status="PASS" starttime="20230119 16:25:30.625" endtime="20230119 16:25:30.699"/>
</kw>
<kw name="Input Password" library="SeleniumLibrary">
<arg>//input[@name="password"]</arg>
<arg>admin123</arg>
<doc>Types the given password into the text field identified by ``locator``.</doc>
<msg timestamp="20230119 16:25:30.699" level="INFO">Typing password into text field '//input[@name="password"]'.</msg>
<msg timestamp="20230119 16:25:30.733" level="INFO">Temporally setting log level to: NONE</msg>
<msg timestamp="20230119 16:25:30.784" level="INFO">Log level changed from NONE to INFO.</msg>
<status status="PASS" starttime="20230119 16:25:30.699" endtime="20230119 16:25:30.784"/>
</kw>
<kw name="Click Button" library="SeleniumLibrary">
<arg>//button[@type="submit"]</arg>
<doc>Clicks the button identified by ``locator``.</doc>
<msg timestamp="20230119 16:25:30.785" level="INFO">Clicking button '//button[@type="submit"]'.</msg>
<status status="PASS" starttime="20230119 16:25:30.785" endtime="20230119 16:25:31.839"/>
</kw>
<kw name="Sleep" library="BuiltIn">
<arg>3</arg>
<doc>Pauses the test executed for the given time.</doc>
<msg timestamp="20230119 16:25:34.841" level="INFO">Slept 3 seconds</msg>
<status status="PASS" starttime="20230119 16:25:31.839" endtime="20230119 16:25:34.841"/>
</kw>
<status status="PASS" starttime="20230119 16:25:30.625" endtime="20230119 16:25:34.841"/>
</kw>
<kw name="Close Browser" library="SeleniumLibrary">
<doc>Closes the current browser.</doc>
<status status="PASS" starttime="20230119 16:25:34.843" endtime="20230119 16:25:37.249"/>
</kw>
<tag>test1</tag>
<status status="PASS" starttime="20230119 16:25:23.979" endtime="20230119 16:25:37.249"/>
</test>
<test id="s1-t2" name="testdashborad" line="18">
<kw name="lancer le navigateur">
<arg>${URL}</arg>
<arg>${Browser}</arg>
<kw name="Open Browser" library="SeleniumLibrary">
<arg>${URLdusite}</arg>
<arg>${navigateur}</arg>
<doc>Opens a new browser instance to the optional ``url``.</doc>
<msg timestamp="20230119 16:25:37.255" level="INFO">Opening browser 'chrome' to base url 'https://opensource-demo.orangehrmlive.com/web/index.php/auth/login'.</msg>
<status status="PASS" starttime="20230119 16:25:37.254" endtime="20230119 16:25:42.379"/>
</kw>
<kw name="Maximize Browser Window" library="SeleniumLibrary">
<doc>Maximizes current browser window.</doc>
<status status="PASS" starttime="20230119 16:25:42.381" endtime="20230119 16:25:42.501"/>
</kw>
<status status="PASS" starttime="20230119 16:25:37.254" endtime="20230119 16:25:42.501"/>
</kw>
<kw name="Sleep" library="BuiltIn">
<arg>3</arg>
<doc>Pauses the test executed for the given time.</doc>
<msg timestamp="20230119 16:25:45.503" level="INFO">Slept 3 seconds</msg>
<status status="PASS" starttime="20230119 16:25:42.502" endtime="20230119 16:25:45.503"/>
</kw>
<kw name="remplir le formulaire de login">
<kw name="Input Text" library="SeleniumLibrary">
<arg>//input[@name="username"]</arg>
<arg>Admin</arg>
<doc>Types the given ``text`` into the text field identified by ``locator``.</doc>
<msg timestamp="20230119 16:25:45.504" level="INFO">Typing text 'Admin' into text field '//input[@name="username"]'.</msg>
<status status="PASS" starttime="20230119 16:25:45.504" endtime="20230119 16:25:45.587"/>
</kw>
<kw name="Input Password" library="SeleniumLibrary">
<arg>//input[@name="password"]</arg>
<arg>admin123</arg>
<doc>Types the given password into the text field identified by ``locator``.</doc>
<msg timestamp="20230119 16:25:45.588" level="INFO">Typing password into text field '//input[@name="password"]'.</msg>
<msg timestamp="20230119 16:25:45.625" level="INFO">Temporally setting log level to: NONE</msg>
<msg timestamp="20230119 16:25:45.689" level="INFO">Log level changed from NONE to INFO.</msg>
<status status="PASS" starttime="20230119 16:25:45.587" endtime="20230119 16:25:45.689"/>
</kw>
<kw name="Click Button" library="SeleniumLibrary">
<arg>//button[@type="submit"]</arg>
<doc>Clicks the button identified by ``locator``.</doc>
<msg timestamp="20230119 16:25:45.690" level="INFO">Clicking button '//button[@type="submit"]'.</msg>
<status status="PASS" starttime="20230119 16:25:45.689" endtime="20230119 16:25:46.718"/>
</kw>
<kw name="Sleep" library="BuiltIn">
<arg>3</arg>
<doc>Pauses the test executed for the given time.</doc>
<msg timestamp="20230119 16:25:49.719" level="INFO">Slept 3 seconds</msg>
<status status="PASS" starttime="20230119 16:25:46.718" endtime="20230119 16:25:49.719"/>
</kw>
<status status="PASS" starttime="20230119 16:25:45.504" endtime="20230119 16:25:49.719"/>
</kw>
<kw name="Page Should Contain" library="SeleniumLibrary">
<arg>dashetborad</arg>
<doc>Verifies that current page contains ``text``.</doc>
<msg timestamp="20230119 16:25:49.897" level="INFO" html="true">&lt;/td&gt;&lt;/tr&gt;&lt;tr&gt;&lt;td colspan="3"&gt;&lt;a href="selenium-screenshot-2.png"&gt;&lt;img src="selenium-screenshot-2.png" width="800px"&gt;&lt;/a&gt;</msg>
<msg timestamp="20230119 16:25:49.897" level="FAIL">Page should have contained text 'dashetborad' but did not.</msg>
<status status="FAIL" starttime="20230119 16:25:49.720" endtime="20230119 16:25:49.903"/>
</kw>
<status status="FAIL" starttime="20230119 16:25:37.253" endtime="20230119 16:25:49.903">Page should have contained text 'dashetborad' but did not.</status>
</test>
<doc>keyword avec arguement</doc>
<status status="FAIL" starttime="20230119 16:25:23.817" endtime="20230119 16:25:49.906"/>
</suite>
<statistics>
<total>
<stat pass="1" fail="1" skip="0">All Tests</stat>
</total>
<tag>
<stat pass="1" fail="0" skip="0">test1</stat>
</tag>
<suite>
<stat pass="1" fail="1" skip="0" id="s1" name="Keywordavecargumentsansretour">Keywordavecargumentsansretour</stat>
</suite>
</statistics>
<errors>
</errors>
</robot>
